TN:
SF:D:\Blibli_Futureprogram\Fase2\Project\TCFM\Front-End\src\components\BulkInsertWindow.vue
FN:51,data
FN:62,editBtnName
FN:65,closeBtnName
FN:69,created
FN:73,downloadFile
FN:74,(anonymous_7)
FN:87,(anonymous_8)
FN:95,uploadFile
FN:99,createBulkInsert
FN:104,(anonymous_11)
FN:118,(anonymous_12)
FN:125,changeFile
FN:135,closeBulkInsertWindow
FNF:13
FNH:0
FNDA:0,data
FNDA:0,editBtnName
FNDA:0,closeBtnName
FNDA:0,created
FNDA:0,downloadFile
FNDA:0,(anonymous_7)
FNDA:0,(anonymous_8)
FNDA:0,uploadFile
FNDA:0,createBulkInsert
FNDA:0,(anonymous_11)
FNDA:0,(anonymous_12)
FNDA:0,changeFile
FNDA:0,closeBulkInsertWindow
DA:43,0
DA:44,0
DA:46,0
DA:52,0
DA:63,0
DA:66,0
DA:73,0
DA:74,0
DA:81,0
DA:82,0
DA:83,0
DA:85,0
DA:86,0
DA:87,0
DA:89,0
DA:96,0
DA:97,0
DA:99,0
DA:101,0
DA:102,0
DA:103,0
DA:104,0
DA:112,0
DA:113,0
DA:114,0
DA:116,0
DA:117,0
DA:118,0
DA:119,0
DA:120,0
DA:126,0
DA:127,0
DA:128,0
DA:129,0
DA:131,0
DA:132,0
DA:136,0
LF:37
LH:0
BRDA:81,0,0,0
BRDA:81,0,1,0
BRDA:86,1,0,0
BRDA:86,1,1,0
BRDA:96,2,0,0
BRDA:96,2,1,0
BRDA:112,3,0,0
BRDA:112,3,1,0
BRDA:117,4,0,0
BRDA:117,4,1,0
BRDA:126,5,0,0
BRDA:126,5,1,0
BRF:12
BRH:0
end_of_record
TN:
SF:D:\Blibli_Futureprogram\Fase2\Project\TCFM\Front-End\src\components\CreateNewGroupWindow.vue
FN:114,data
FN:138,editBtnName
FN:141,closeBtnName
FN:145,created
FN:155,validateInput
FN:168,updateGroup
FN:169,(anonymous_8)
FN:182,(anonymous_9)
FN:193,disbandGroup
FN:197,(anonymous_11)
FN:212,(anonymous_12)
FN:214,(anonymous_13)
FN:223,createNewGroup
FN:224,(anonymous_15)
FN:236,(anonymous_16)
FN:246,closeGroupDetailWindow
FN:263,editGroupDetailWindow
FN:267,changeGroupAdmin
FN:270,getMember
FN:273,(anonymous_21)
FN:286,(anonymous_22)
FN:290,(anonymous_23)
FN:296,checkChar
FNF:23
FNH:0
FNDA:0,data
FNDA:0,editBtnName
FNDA:0,closeBtnName
FNDA:0,created
FNDA:0,validateInput
FNDA:0,updateGroup
FNDA:0,(anonymous_8)
FNDA:0,(anonymous_9)
FNDA:0,disbandGroup
FNDA:0,(anonymous_11)
FNDA:0,(anonymous_12)
FNDA:0,(anonymous_13)
FNDA:0,createNewGroup
FNDA:0,(anonymous_15)
FNDA:0,(anonymous_16)
FNDA:0,closeGroupDetailWindow
FNDA:0,editGroupDetailWindow
FNDA:0,changeGroupAdmin
FNDA:0,getMember
FNDA:0,(anonymous_21)
FNDA:0,(anonymous_22)
FNDA:0,(anonymous_23)
FNDA:0,checkChar
DA:107,0
DA:108,0
DA:115,0
DA:139,0
DA:142,0
DA:146,0
DA:147,0
DA:148,0
DA:149,0
DA:150,0
DA:156,0
DA:157,0
DA:158,0
DA:159,0
DA:160,0
DA:161,0
DA:162,0
DA:163,0
DA:165,0
DA:168,0
DA:169,0
DA:176,0
DA:177,0
DA:178,0
DA:180,0
DA:181,0
DA:182,0
DA:184,0
DA:185,0
DA:186,0
DA:193,0
DA:194,0
DA:195,0
DA:196,0
DA:197,0
DA:203,0
DA:204,0
DA:205,0
DA:206,0
DA:207,0
DA:208,0
DA:209,0
DA:210,0
DA:211,0
DA:212,0
DA:213,0
DA:214,0
DA:216,0
DA:218,0
DA:223,0
DA:224,0
DA:231,0
DA:232,0
DA:233,0
DA:235,0
DA:236,0
DA:238,0
DA:239,0
DA:240,0
DA:247,0
DA:248,0
DA:249,0
DA:250,0
DA:253,0
DA:254,0
DA:255,0
DA:256,0
DA:259,0
DA:264,0
DA:265,0
DA:268,0
DA:270,0
DA:271,0
DA:272,0
DA:273,0
DA:280,0
DA:281,0
DA:282,0
DA:283,0
DA:285,0
DA:286,0
DA:288,0
DA:289,0
DA:290,0
DA:297,0
DA:298,0
LF:86
LH:0
BRDA:156,0,0,0
BRDA:156,0,1,0
BRDA:159,1,0,0
BRDA:159,1,1,0
BRDA:161,2,0,0
BRDA:161,2,1,0
BRDA:176,3,0,0
BRDA:176,3,1,0
BRDA:181,4,0,0
BRDA:181,4,1,0
BRDA:194,5,0,0
BRDA:194,5,1,0
BRDA:196,6,0,0
BRDA:196,6,1,0
BRDA:203,7,0,0
BRDA:203,7,1,0
BRDA:206,8,0,0
BRDA:206,8,1,0
BRDA:210,9,0,0
BRDA:210,9,1,0
BRDA:231,10,0,0
BRDA:231,10,1,0
BRDA:247,11,0,0
BRDA:247,11,1,0
BRDA:249,12,0,0
BRDA:249,12,1,0
BRDA:253,13,0,0
BRDA:253,13,1,0
BRDA:254,14,0,0
BRDA:254,14,1,0
BRDA:255,15,0,0
BRDA:255,15,1,0
BRDA:264,16,0,0
BRDA:264,16,1,0
BRDA:271,17,0,0
BRDA:271,17,1,0
BRDA:280,18,0,0
BRDA:280,18,1,0
BRDA:283,19,0,0
BRDA:283,19,1,0
BRDA:297,20,0,0
BRDA:297,20,1,0
BRDA:297,21,0,0
BRDA:297,21,1,0
BRDA:297,21,2,0
BRF:45
BRH:0
end_of_record
TN:
SF:D:\Blibli_Futureprogram\Fase2\Project\TCFM\Front-End\src\components\HeaderSection.vue
FN:81,data
FN:99,created
FN:103,ppAvailable
FN:110,destroyed
FN:114,notificationList
FN:118,(anonymous_7)
FN:126,openProfilePage
FN:129,streamPersonalNotification
FN:134,(anonymous_10)
FN:141,(anonymous_11)
FN:146,(anonymous_12)
FN:151,showPersonalNotification
FN:156,(anonymous_14)
FN:168,showMyProfile
FN:172,clearAllNotifications
FN:174,(anonymous_17)
FNF:16
FNH:0
FNDA:0,data
FNDA:0,created
FNDA:0,ppAvailable
FNDA:0,destroyed
FNDA:0,notificationList
FNDA:0,(anonymous_7)
FNDA:0,openProfilePage
FNDA:0,streamPersonalNotification
FNDA:0,(anonymous_10)
FNDA:0,(anonymous_11)
FNDA:0,(anonymous_12)
FNDA:0,showPersonalNotification
FNDA:0,(anonymous_14)
FNDA:0,showMyProfile
FNDA:0,clearAllNotifications
FNDA:0,(anonymous_17)
DA:74,0
DA:75,0
DA:82,0
DA:100,0
DA:104,0
DA:105,0
DA:107,0
DA:111,0
DA:114,0
DA:115,0
DA:116,0
DA:118,0
DA:119,0
DA:121,0
DA:122,0
DA:127,0
DA:129,0
DA:131,0
DA:132,0
DA:134,0
DA:135,0
DA:136,0
DA:137,0
DA:138,0
DA:139,0
DA:141,0
DA:142,0
DA:143,0
DA:146,0
DA:148,0
DA:151,0
DA:152,0
DA:153,0
DA:154,0
DA:155,0
DA:156,0
DA:159,0
DA:160,0
DA:161,0
DA:163,0
DA:169,0
DA:170,0
DA:173,0
DA:174,0
DA:177,0
DA:178,0
DA:180,0
LF:47
LH:0
BRDA:104,0,0,0
BRDA:104,0,1,0
BRDA:104,1,0,0
BRDA:104,1,1,0
BRDA:104,1,2,0
BRDA:116,2,0,0
BRDA:116,2,1,0
BRDA:119,3,0,0
BRDA:119,3,1,0
BRDA:121,4,0,0
BRDA:121,4,1,0
BRDA:154,5,0,0
BRDA:154,5,1,0
BRDA:159,6,0,0
BRDA:159,6,1,0
BRDA:177,7,0,0
BRDA:177,7,1,0
BRF:17
BRH:0
end_of_record
TN:
SF:D:\Blibli_Futureprogram\Fase2\Project\TCFM\Front-End\src\components\PaymentDetailWindow.vue
FN:83,data
FN:92,closePaymentDetailWindow
FN:93,updatePaymentStatus
FN:97,(anonymous_5)
FN:118,(anonymous_6)
FN:132,checkStatus
FN:134,created
FN:137,statusChecker
FNF:8
FNH:0
FNDA:0,data
FNDA:0,closePaymentDetailWindow
FNDA:0,updatePaymentStatus
FNDA:0,(anonymous_5)
FNDA:0,(anonymous_6)
FNDA:0,checkStatus
FNDA:0,created
FNDA:0,statusChecker
DA:75,0
DA:76,0
DA:84,0
DA:92,0
DA:93,0
DA:94,0
DA:95,0
DA:96,0
DA:97,0
DA:110,0
DA:111,0
DA:112,0
DA:113,0
DA:114,0
DA:116,0
DA:117,0
DA:118,0
DA:120,0
DA:121,0
DA:125,0
DA:126,0
DA:127,0
DA:132,0
DA:134,0
DA:138,0
DA:139,0
DA:140,0
DA:141,0
LF:28
LH:0
BRDA:94,0,0,0
BRDA:94,0,1,0
BRDA:111,1,0,0
BRDA:111,1,1,0
BRDA:114,2,0,0
BRDA:114,2,1,0
BRDA:132,3,0,0
BRDA:132,3,1,0
BRDA:139,4,0,0
BRDA:139,4,1,0
BRDA:139,4,2,0
BRF:11
BRH:0
end_of_record
TN:
SF:D:\Blibli_Futureprogram\Fase2\Project\TCFM\Front-End\src\components\addNewUser.vue
FN:146,data
FN:172,editBtnName
FN:175,closeBtnName
FN:178,ppAvailable
FN:185,created
FN:194,groupAdminGroupChanged
FN:197,groupAdminChanged
FN:202,closeAddNewUserWindow
FN:205,checkChar
FN:210,getAllGroup
FN:211,(anonymous_12)
FN:222,(anonymous_13)
FN:233,(anonymous_14)
FN:239,getMember
FN:242,(anonymous_16)
FN:255,(anonymous_17)
FN:259,(anonymous_18)
FN:268,changeGroup
FN:272,changeGroupAdmin
FN:275,changeRole
FN:280,changeFile
FN:289,createNewUser
FN:292,(anonymous_24)
FN:318,updateUser
FN:320,(anonymous_26)
FN:333,(anonymous_27)
FN:342,(anonymous_28)
FN:349,deleteUser
FN:353,(anonymous_30)
FN:369,(anonymous_31)
FN:373,(anonymous_32)
FN:379,disbandPreviousGroup
FN:380,(anonymous_34)
FN:385,(anonymous_35)
FN:401,(anonymous_36)
FN:403,(anonymous_37)
FN:412,closeUserDetailWindow
FN:438,editUserDetailWindow
FN:442,validateInput
FNF:39
FNH:0
FNDA:0,data
FNDA:0,editBtnName
FNDA:0,closeBtnName
FNDA:0,ppAvailable
FNDA:0,created
FNDA:0,groupAdminGroupChanged
FNDA:0,groupAdminChanged
FNDA:0,closeAddNewUserWindow
FNDA:0,checkChar
FNDA:0,getAllGroup
FNDA:0,(anonymous_12)
FNDA:0,(anonymous_13)
FNDA:0,(anonymous_14)
FNDA:0,getMember
FNDA:0,(anonymous_16)
FNDA:0,(anonymous_17)
FNDA:0,(anonymous_18)
FNDA:0,changeGroup
FNDA:0,changeGroupAdmin
FNDA:0,changeRole
FNDA:0,changeFile
FNDA:0,createNewUser
FNDA:0,(anonymous_24)
FNDA:0,updateUser
FNDA:0,(anonymous_26)
FNDA:0,(anonymous_27)
FNDA:0,(anonymous_28)
FNDA:0,deleteUser
FNDA:0,(anonymous_30)
FNDA:0,(anonymous_31)
FNDA:0,(anonymous_32)
FNDA:0,disbandPreviousGroup
FNDA:0,(anonymous_34)
FNDA:0,(anonymous_35)
FNDA:0,(anonymous_36)
FNDA:0,(anonymous_37)
FNDA:0,closeUserDetailWindow
FNDA:0,editUserDetailWindow
FNDA:0,validateInput
DA:142,0
DA:147,0
DA:173,0
DA:176,0
DA:179,0
DA:180,0
DA:182,0
DA:186,0
DA:187,0
DA:188,0
DA:189,0
DA:190,0
DA:191,0
DA:195,0
DA:198,0
DA:203,0
DA:206,0
DA:207,0
DA:210,0
DA:211,0
DA:217,0
DA:218,0
DA:219,0
DA:221,0
DA:222,0
DA:224,0
DA:227,0
DA:230,0
DA:231,0
DA:235,0
DA:236,0
DA:239,0
DA:242,0
DA:249,0
DA:250,0
DA:251,0
DA:253,0
DA:254,0
DA:255,0
DA:258,0
DA:259,0
DA:260,0
DA:261,0
DA:269,0
DA:270,0
DA:273,0
DA:276,0
DA:277,0
DA:281,0
DA:282,0
DA:283,0
DA:284,0
DA:286,0
DA:289,0
DA:292,0
DA:300,0
DA:301,0
DA:302,0
DA:303,0
DA:304,0
DA:305,0
DA:306,0
DA:308,0
DA:309,0
DA:310,0
DA:318,0
DA:320,0
DA:327,0
DA:328,0
DA:329,0
DA:331,0
DA:332,0
DA:333,0
DA:335,0
DA:336,0
DA:337,0
DA:338,0
DA:342,0
DA:343,0
DA:349,0
DA:350,0
DA:351,0
DA:352,0
DA:353,0
DA:360,0
DA:361,0
DA:362,0
DA:363,0
DA:364,0
DA:365,0
DA:366,0
DA:367,0
DA:368,0
DA:369,0
DA:370,0
DA:375,0
DA:376,0
DA:379,0
DA:380,0
DA:381,0
DA:382,0
DA:383,0
DA:384,0
DA:385,0
DA:391,0
DA:392,0
DA:393,0
DA:394,0
DA:395,0
DA:396,0
DA:397,0
DA:398,0
DA:399,0
DA:400,0
DA:401,0
DA:402,0
DA:403,0
DA:405,0
DA:407,0
DA:413,0
DA:414,0
DA:415,0
DA:416,0
DA:417,0
DA:419,0
DA:420,0
DA:423,0
DA:424,0
DA:425,0
DA:426,0
DA:429,0
DA:430,0
DA:431,0
DA:433,0
DA:435,0
DA:439,0
DA:440,0
DA:444,0
DA:445,0
DA:446,0
DA:447,0
DA:448,0
DA:450,0
DA:452,0
DA:453,0
DA:454,0
DA:455,0
DA:456,0
DA:457,0
DA:458,0
DA:459,0
DA:460,0
DA:462,0
DA:463,0
DA:464,0
DA:466,0
DA:467,0
DA:468,0
DA:469,0
DA:470,0
DA:471,0
DA:472,0
DA:473,0
DA:474,0
DA:475,0
DA:476,0
DA:477,0
DA:478,0
DA:479,0
DA:480,0
DA:482,0
DA:483,0
LF:172
LH:0
BRDA:179,0,0,0
BRDA:179,0,1,0
BRDA:179,1,0,0
BRDA:179,1,1,0
BRDA:179,1,2,0
BRDA:190,2,0,0
BRDA:190,2,1,0
BRDA:195,3,0,0
BRDA:195,3,1,0
BRDA:198,4,0,0
BRDA:198,4,1,0
BRDA:206,5,0,0
BRDA:206,5,1,0
BRDA:206,6,0,0
BRDA:206,6,1,0
BRDA:206,6,2,0
BRDA:217,7,0,0
BRDA:217,7,1,0
BRDA:219,8,0,0
BRDA:219,8,1,0
BRDA:227,9,0,0
BRDA:227,9,1,0
BRDA:249,10,0,0
BRDA:249,10,1,0
BRDA:254,11,0,0
BRDA:254,11,1,0
BRDA:281,12,0,0
BRDA:281,12,1,0
BRDA:300,13,0,0
BRDA:300,13,1,0
BRDA:302,14,0,0
BRDA:302,14,1,0
BRDA:327,15,0,0
BRDA:327,15,1,0
BRDA:332,16,0,0
BRDA:332,16,1,0
BRDA:342,17,0,0
BRDA:342,17,1,0
BRDA:350,18,0,0
BRDA:350,18,1,0
BRDA:352,19,0,0
BRDA:352,19,1,0
BRDA:360,20,0,0
BRDA:360,20,1,0
BRDA:362,21,0,0
BRDA:362,21,1,0
BRDA:367,22,0,0
BRDA:367,22,1,0
BRDA:382,23,0,0
BRDA:382,23,1,0
BRDA:384,24,0,0
BRDA:384,24,1,0
BRDA:391,25,0,0
BRDA:391,25,1,0
BRDA:394,26,0,0
BRDA:394,26,1,0
BRDA:399,27,0,0
BRDA:399,27,1,0
BRDA:413,28,0,0
BRDA:413,28,1,0
BRDA:414,29,0,0
BRDA:414,29,1,0
BRDA:419,30,0,0
BRDA:419,30,1,0
BRDA:423,31,0,0
BRDA:423,31,1,0
BRDA:424,32,0,0
BRDA:424,32,1,0
BRDA:425,33,0,0
BRDA:425,33,1,0
BRDA:429,34,0,0
BRDA:429,34,1,0
BRDA:429,35,0,0
BRDA:429,35,1,0
BRDA:429,35,2,0
BRDA:430,36,0,0
BRDA:430,36,1,0
BRDA:439,37,0,0
BRDA:439,37,1,0
BRDA:445,38,0,0
BRDA:445,38,1,0
BRDA:446,39,0,0
BRDA:446,39,1,0
BRDA:446,40,0,0
BRDA:446,40,1,0
BRDA:452,41,0,0
BRDA:452,41,1,0
BRDA:455,42,0,0
BRDA:455,42,1,0
BRDA:455,43,0,0
BRDA:455,43,1,0
BRDA:458,44,0,0
BRDA:458,44,1,0
BRDA:462,45,0,0
BRDA:462,45,1,0
BRDA:462,46,0,0
BRDA:462,46,1,0
BRDA:462,46,2,0
BRDA:462,46,3,0
BRDA:466,47,0,0
BRDA:466,47,1,0
BRDA:468,48,0,0
BRDA:468,48,1,0
BRDA:470,49,0,0
BRDA:470,49,1,0
BRDA:472,50,0,0
BRDA:472,50,1,0
BRDA:474,51,0,0
BRDA:474,51,1,0
BRDA:476,52,0,0
BRDA:476,52,1,0
BRDA:476,53,0,0
BRDA:476,53,1,0
BRDA:476,53,2,0
BRDA:478,54,0,0
BRDA:478,54,1,0
BRDA:478,55,0,0
BRDA:478,55,1,0
BRDA:478,55,2,0
BRDA:482,56,0,0
BRDA:482,56,1,0
BRF:121
BRH:0
end_of_record
TN:
SF:D:\Blibli_Futureprogram\Fase2\Project\TCFM\Front-End\src\components\createNewExpense.vue
FN:27,data
FN:34,created
FN:38,closeCreateNewExpenseWindow
FN:41,checkChar
FN:46,checkChange
FN:48,(anonymous_7)
FN:53,thousandSeparators
FN:70,createNewExpense
FN:72,(anonymous_10)
FN:76,(anonymous_11)
FN:104,(anonymous_12)
FNF:11
FNH:0
FNDA:0,data
FNDA:0,created
FNDA:0,closeCreateNewExpenseWindow
FNDA:0,checkChar
FNDA:0,checkChange
FNDA:0,(anonymous_7)
FNDA:0,thousandSeparators
FNDA:0,createNewExpense
FNDA:0,(anonymous_10)
FNDA:0,(anonymous_11)
FNDA:0,(anonymous_12)
DA:24,0
DA:28,0
DA:39,0
DA:42,0
DA:43,0
DA:47,0
DA:48,0
DA:49,0
DA:51,0
DA:54,0
DA:55,0
DA:57,0
DA:58,0
DA:59,0
DA:60,0
DA:61,0
DA:63,0
DA:65,0
DA:67,0
DA:70,0
DA:71,0
DA:72,0
DA:73,0
DA:76,0
DA:92,0
DA:93,0
DA:94,0
DA:96,0
DA:97,0
DA:98,0
DA:99,0
DA:101,0
DA:102,0
DA:106,0
DA:107,0
LF:35
LH:0
BRDA:42,0,0,0
BRDA:42,0,1,0
BRDA:42,1,0,0
BRDA:42,1,1,0
BRDA:42,1,2,0
BRDA:49,2,0,0
BRDA:49,2,1,0
BRDA:54,3,0,0
BRDA:54,3,1,0
BRDA:60,4,0,0
BRDA:60,4,1,0
BRDA:60,5,0,0
BRDA:60,5,1,0
BRDA:60,5,2,0
BRDA:73,6,0,0
BRDA:73,6,1,0
BRDA:92,7,0,0
BRDA:92,7,1,0
BRDA:94,8,0,0
BRDA:94,8,1,0
BRF:20
BRH:0
end_of_record
TN:
SF:D:\Blibli_Futureprogram\Fase2\Project\TCFM\Front-End\src\components\expenseDetailWindow.vue
FN:74,data
FN:83,closeExpenseDetailWindow
FN:84,updateExpenseStatus
FN:88,(anonymous_5)
FN:118,checkStatus
FN:119,getExpenseData
FN:120,(anonymous_8)
FN:130,(anonymous_9)
FN:142,created
FN:148,statusChecker
FNF:10
FNH:0
FNDA:0,data
FNDA:0,closeExpenseDetailWindow
FNDA:0,updateExpenseStatus
FNDA:0,(anonymous_5)
FNDA:0,checkStatus
FNDA:0,getExpenseData
FNDA:0,(anonymous_8)
FNDA:0,(anonymous_9)
FNDA:0,created
FNDA:0,statusChecker
DA:68,0
DA:70,0
DA:75,0
DA:83,0
DA:84,0
DA:85,0
DA:86,0
DA:87,0
DA:88,0
DA:101,0
DA:102,0
DA:103,0
DA:104,0
DA:106,0
DA:107,0
DA:108,0
DA:111,0
DA:112,0
DA:113,0
DA:118,0
DA:119,0
DA:120,0
DA:124,0
DA:125,0
DA:126,0
DA:128,0
DA:129,0
DA:130,0
DA:132,0
DA:133,0
DA:143,0
DA:144,0
DA:149,0
DA:150,0
DA:151,0
DA:152,0
LF:36
LH:0
BRDA:85,0,0,0
BRDA:85,0,1,0
BRDA:101,1,0,0
BRDA:101,1,1,0
BRDA:101,2,0,0
BRDA:101,2,1,0
BRDA:104,3,0,0
BRDA:104,3,1,0
BRDA:118,4,0,0
BRDA:118,4,1,0
BRDA:124,5,0,0
BRDA:124,5,1,0
BRDA:124,6,0,0
BRDA:124,6,1,0
BRDA:129,7,0,0
BRDA:129,7,1,0
BRDA:150,8,0,0
BRDA:150,8,1,0
BRDA:150,8,2,0
BRF:19
BRH:0
end_of_record
TN:
SF:D:\Blibli_Futureprogram\Fase2\Project\TCFM\Front-End\src\components\inviteMember.vue
FN:20,data
FN:27,created
FN:31,closeInviteWindow
FN:34,createNewExpense
FNF:4
FNH:0
FNDA:0,data
FNDA:0,created
FNDA:0,closeInviteWindow
FNDA:0,createNewExpense
DA:21,0
DA:32,0
LF:2
LH:0
BRF:0
BRH:0
end_of_record
TN:
SF:D:\Blibli_Futureprogram\Fase2\Project\TCFM\Front-End\src\components\payNow.vue
FN:110,data
FN:127,totalTagihan
FN:130,lastPayment
FN:134,created
FN:139,closePayNowWindow
FN:142,checkChar
FN:148,setUntukMemberLain
FN:154,selectFile
FN:163,validateInput
FN:189,submitPembayaran
FN:206,(anonymous_12)
FN:225,(anonymous_13)
FN:231,getMember
FN:233,(anonymous_15)
FN:246,(anonymous_16)
FN:250,(anonymous_17)
FN:255,(anonymous_18)
FNF:17
FNH:0
FNDA:0,data
FNDA:0,totalTagihan
FNDA:0,lastPayment
FNDA:0,created
FNDA:0,closePayNowWindow
FNDA:0,checkChar
FNDA:0,setUntukMemberLain
FNDA:0,selectFile
FNDA:0,validateInput
FNDA:0,submitPembayaran
FNDA:0,(anonymous_12)
FNDA:0,(anonymous_13)
FNDA:0,getMember
FNDA:0,(anonymous_15)
FNDA:0,(anonymous_16)
FNDA:0,(anonymous_17)
FNDA:0,(anonymous_18)
DA:100,0
DA:102,0
DA:104,0
DA:111,0
DA:128,0
DA:131,0
DA:135,0
DA:136,0
DA:140,0
DA:143,0
DA:145,0
DA:149,0
DA:150,0
DA:151,0
DA:155,0
DA:156,0
DA:157,0
DA:158,0
DA:160,0
DA:164,0
DA:165,0
DA:166,0
DA:167,0
DA:168,0
DA:169,0
DA:170,0
DA:171,0
DA:173,0
DA:174,0
DA:175,0
DA:176,0
DA:177,0
DA:178,0
DA:179,0
DA:180,0
DA:181,0
DA:182,0
DA:183,0
DA:185,0
DA:189,0
DA:190,0
DA:191,0
DA:192,0
DA:193,0
DA:194,0
DA:204,0
DA:206,0
DA:214,0
DA:215,0
DA:216,0
DA:218,0
DA:219,0
DA:220,0
DA:222,0
DA:223,0
DA:227,0
DA:228,0
DA:231,0
DA:233,0
DA:240,0
DA:241,0
DA:242,0
DA:243,0
DA:245,0
DA:246,0
DA:248,0
DA:249,0
DA:250,0
DA:251,0
DA:253,0
DA:254,0
DA:255,0
DA:260,0
DA:261,0
LF:74
LH:0
BRDA:143,0,0,0
BRDA:143,0,1,0
BRDA:143,1,0,0
BRDA:143,1,1,0
BRDA:143,1,2,0
BRDA:150,2,0,0
BRDA:150,2,1,0
BRDA:155,3,0,0
BRDA:155,3,1,0
BRDA:165,4,0,0
BRDA:165,4,1,0
BRDA:168,5,0,0
BRDA:168,5,1,0
BRDA:169,6,0,0
BRDA:169,6,1,0
BRDA:173,7,0,0
BRDA:173,7,1,0
BRDA:176,8,0,0
BRDA:176,8,1,0
BRDA:179,9,0,0
BRDA:179,9,1,0
BRDA:182,10,0,0
BRDA:182,10,1,0
BRDA:190,11,0,0
BRDA:190,11,1,0
BRDA:199,12,0,0
BRDA:199,12,1,0
BRDA:214,13,0,0
BRDA:214,13,1,0
BRDA:216,14,0,0
BRDA:216,14,1,0
BRDA:240,15,0,0
BRDA:240,15,1,0
BRDA:243,16,0,0
BRDA:243,16,1,0
BRDA:254,17,0,0
BRDA:254,17,1,0
BRF:37
BRH:0
end_of_record
TN:
SF:D:\Blibli_Futureprogram\Fase2\Project\TCFM\Front-End\src\components\sidebar.vue
FN:139,data
FN:160,backToLogin
FN:163,changeView
FNF:3
FNH:0
FNDA:0,data
FNDA:0,backToLogin
FNDA:0,changeView
DA:134,0
DA:135,0
DA:136,0
DA:140,0
DA:161,0
DA:164,0
LF:6
LH:0
BRF:0
BRH:0
end_of_record
TN:
SF:D:\Blibli_Futureprogram\Fase2\Project\TCFM\Front-End\src\components\userContributedWindow.vue
FN:30,data
FN:35,created
FN:39,closeContributedWindow
FNF:3
FNH:0
FNDA:0,data
FNDA:0,created
FNDA:0,closeContributedWindow
DA:31,0
DA:36,0
DA:40,0
LF:3
LH:0
BRF:0
BRH:0
end_of_record
TN:
SF:D:\Blibli_Futureprogram\Fase2\Project\TCFM\Front-End\src\components\zoomOnHover.vue
FN:13,data
FN:20,pageOffset
FN:31,zoom
FN:36,unzoom
FN:41,move
FN:55,initEventLoaded
FN:57,(anonymous_7)
FN:58,(anonymous_8)
FN:64,(anonymous_9)
FN:68,initEventResized
FN:73,(anonymous_11)
FN:87,mounted
FN:95,updated
FN:98,beforeDestroy
FNF:14
FNH:0
FNDA:0,data
FNDA:0,pageOffset
FNDA:0,zoom
FNDA:0,unzoom
FNDA:0,move
FNDA:0,initEventLoaded
FNDA:0,(anonymous_7)
FNDA:0,(anonymous_8)
FNDA:0,(anonymous_9)
FNDA:0,initEventResized
FNDA:0,(anonymous_11)
FNDA:0,mounted
FNDA:0,updated
FNDA:0,beforeDestroy
DA:14,0
DA:23,0
DA:26,0
DA:32,0
DA:33,0
DA:34,0
DA:37,0
DA:38,0
DA:39,0
DA:42,0
DA:43,0
DA:44,0
DA:45,0
DA:46,0
DA:47,0
DA:48,0
DA:49,0
DA:50,0
DA:51,0
DA:52,0
DA:53,0
DA:57,0
DA:58,0
DA:59,0
DA:60,0
DA:63,0
DA:64,0
DA:65,0
DA:69,0
DA:70,0
DA:71,0
DA:72,0
DA:73,0
DA:74,0
DA:75,0
DA:76,0
DA:77,0
DA:88,0
DA:89,0
DA:90,0
DA:92,0
DA:93,0
DA:96,0
DA:99,0
LF:44
LH:0
BRDA:23,0,0,0
BRDA:23,0,1,0
BRDA:32,1,0,0
BRDA:32,1,1,0
BRDA:37,2,0,0
BRDA:37,2,1,0
BRDA:42,3,0,0
BRDA:42,3,1,0
BRDA:74,4,0,0
BRDA:74,4,1,0
BRDA:74,5,0,0
BRDA:74,5,1,0
BRDA:88,6,0,0
BRDA:88,6,1,0
BRDA:99,7,0,0
BRDA:99,7,1,0
BRF:16
BRH:0
end_of_record
TN:
SF:D:\Blibli_Futureprogram\Fase2\Project\TCFM\Front-End\src\page\Dashboard.vue
FN:186,data
FN:202,rightPanelWidth
FN:205,checkYear
FN:213,created
FN:221,getLastExpense
FN:222,(anonymous_7)
FN:234,(anonymous_8)
FN:245,getThisYearTotalPeriodPayed
FN:257,getDashboardData
FN:258,(anonymous_11)
FN:269,(anonymous_12)
FN:287,openCreateNewExpenseWindow
FN:288,closeCreateNewExpenseWindow
FN:289,openPayNowWindow
FN:290,closePayNowWindow
FNF:15
FNH:0
FNDA:0,data
FNDA:0,rightPanelWidth
FNDA:0,checkYear
FNDA:0,created
FNDA:0,getLastExpense
FNDA:0,(anonymous_7)
FNDA:0,(anonymous_8)
FNDA:0,getThisYearTotalPeriodPayed
FNDA:0,getDashboardData
FNDA:0,(anonymous_11)
FNDA:0,(anonymous_12)
FNDA:0,openCreateNewExpenseWindow
FNDA:0,closeCreateNewExpenseWindow
FNDA:0,openPayNowWindow
FNDA:0,closePayNowWindow
DA:181,0
DA:182,0
DA:183,0
DA:187,0
DA:203,0
DA:206,0
DA:207,0
DA:210,0
DA:214,0
DA:215,0
DA:216,0
DA:217,0
DA:218,0
DA:221,0
DA:222,0
DA:228,0
DA:229,0
DA:232,0
DA:233,0
DA:234,0
DA:236,0
DA:237,0
DA:238,0
DA:246,0
DA:247,0
DA:248,0
DA:249,0
DA:250,0
DA:251,0
DA:252,0
DA:253,0
DA:254,0
DA:255,0
DA:257,0
DA:258,0
DA:264,0
DA:265,0
DA:268,0
DA:269,0
DA:271,0
DA:272,0
DA:274,0
DA:275,0
DA:287,0
DA:288,0
DA:289,0
DA:290,0
LF:47
LH:0
BRDA:206,0,0,0
BRDA:206,0,1,0
BRDA:228,1,0,0
BRDA:228,1,1,0
BRDA:233,2,0,0
BRDA:233,2,1,0
BRDA:251,3,0,0
BRDA:251,3,1,0
BRDA:252,4,0,0
BRDA:252,4,1,0
BRDA:264,5,0,0
BRDA:264,5,1,0
BRF:12
BRH:0
end_of_record
TN:
SF:D:\Blibli_Futureprogram\Fase2\Project\TCFM\Front-End\src\page\Expenses.vue
FN:110,rightPanelWidth
FN:113,searchPlaceHolder
FN:123,data
FN:142,created
FN:145,mounted
FN:147,filter
FN:150,searchQuery
FN:155,searchData
FN:161,(anonymous_10)
FN:174,(anonymous_11)
FN:178,(anonymous_12)
FN:186,getExpenseData
FN:190,(anonymous_14)
FN:203,(anonymous_15)
FN:207,(anonymous_16)
FN:213,scroll
FN:215,(anonymous_18)
FN:227,showUserContributed
FN:232,closeUserContributedWindow
FN:233,openExpenseDetailWindow
FN:238,closeExpenseDetailWindow
FN:239,openCreateNewExpenseWindow
FN:240,closeCreateNewExpenseWindow
FN:241,dateFormatter
FN:242,monthToString
FN:262,statusChecker
FN:271,statusChecker
FNF:27
FNH:0
FNDA:0,rightPanelWidth
FNDA:0,searchPlaceHolder
FNDA:0,data
FNDA:0,created
FNDA:0,mounted
FNDA:0,filter
FNDA:0,searchQuery
FNDA:0,searchData
FNDA:0,(anonymous_10)
FNDA:0,(anonymous_11)
FNDA:0,(anonymous_12)
FNDA:0,getExpenseData
FNDA:0,(anonymous_14)
FNDA:0,(anonymous_15)
FNDA:0,(anonymous_16)
FNDA:0,scroll
FNDA:0,(anonymous_18)
FNDA:0,showUserContributed
FNDA:0,closeUserContributedWindow
FNDA:0,openExpenseDetailWindow
FNDA:0,closeExpenseDetailWindow
FNDA:0,openCreateNewExpenseWindow
FNDA:0,closeCreateNewExpenseWindow
FNDA:0,dateFormatter
FNDA:0,monthToString
FNDA:0,statusChecker
FNDA:0,statusChecker
DA:99,0
DA:100,0
DA:101,0
DA:102,0
DA:103,0
DA:104,0
DA:105,0
DA:106,0
DA:111,0
DA:114,0
DA:124,0
DA:143,0
DA:145,0
DA:148,0
DA:151,0
DA:155,0
DA:156,0
DA:158,0
DA:159,0
DA:161,0
DA:167,0
DA:168,0
DA:169,0
DA:170,0
DA:171,0
DA:173,0
DA:174,0
DA:176,0
DA:177,0
DA:178,0
DA:179,0
DA:186,0
DA:187,0
DA:188,0
DA:190,0
DA:196,0
DA:197,0
DA:199,0
DA:202,0
DA:203,0
DA:205,0
DA:206,0
DA:207,0
DA:208,0
DA:213,0
DA:214,0
DA:215,0
DA:217,0
DA:218,0
DA:219,0
DA:220,0
DA:221,0
DA:222,0
DA:228,0
DA:229,0
DA:230,0
DA:232,0
DA:234,0
DA:235,0
DA:236,0
DA:238,0
DA:239,0
DA:240,0
DA:242,0
DA:243,0
DA:244,0
DA:245,0
DA:246,0
DA:247,0
DA:248,0
DA:249,0
DA:250,0
DA:251,0
DA:252,0
DA:253,0
DA:254,0
DA:255,0
DA:259,0
DA:260,0
DA:263,0
DA:264,0
DA:265,0
DA:266,0
DA:272,0
DA:273,0
DA:274,0
DA:275,0
LF:87
LH:0
BRDA:114,0,0,0
BRDA:114,0,1,0
BRDA:167,1,0,0
BRDA:167,1,1,0
BRDA:171,2,0,0
BRDA:171,2,1,0
BRDA:196,3,0,0
BRDA:196,3,1,0
BRDA:217,4,0,0
BRDA:217,4,1,0
BRDA:219,5,0,0
BRDA:219,5,1,0
BRDA:244,6,0,0
BRDA:244,6,1,0
BRDA:244,6,2,0
BRDA:244,6,3,0
BRDA:244,6,4,0
BRDA:244,6,5,0
BRDA:244,6,6,0
BRDA:244,6,7,0
BRDA:244,6,8,0
BRDA:244,6,9,0
BRDA:244,6,10,0
BRDA:244,6,11,0
BRDA:264,7,0,0
BRDA:264,7,1,0
BRDA:264,7,2,0
BRDA:273,8,0,0
BRDA:273,8,1,0
BRDA:273,8,2,0
BRF:30
BRH:0
end_of_record
TN:
SF:D:\Blibli_Futureprogram\Fase2\Project\TCFM\Front-End\src\page\ManageGroup.vue
FN:109,rightPanelWidth
FN:111,searchPlaceHolder
FN:115,data
FN:131,mounted
FN:133,filter
FN:136,searchQuery
FN:140,created
FN:142,searchData
FN:145,(anonymous_10)
FN:154,(anonymous_11)
FN:158,(anonymous_12)
FN:166,getGroupData
FN:171,(anonymous_14)
FN:180,(anonymous_15)
FN:184,(anonymous_16)
FN:191,closeUserContributedWindow
FN:192,openGroupDetailWindow
FN:200,closeGroupDetailWindow
FN:201,updateGroupDetailWindow
FN:205,openCreateNewGroupWindow
FN:211,closeCreateNewGroupWindow
FN:213,openBulkInsertWindow
FN:216,closeBulkInsertWindow
FN:219,scroll
FN:221,(anonymous_26)
FN:233,dateFormatter
FN:234,monthToString
FN:254,statusChecker
FN:263,statusChecker
FNF:29
FNH:0
FNDA:0,rightPanelWidth
FNDA:0,searchPlaceHolder
FNDA:0,data
FNDA:0,mounted
FNDA:0,filter
FNDA:0,searchQuery
FNDA:0,created
FNDA:0,searchData
FNDA:0,(anonymous_10)
FNDA:0,(anonymous_11)
FNDA:0,(anonymous_12)
FNDA:0,getGroupData
FNDA:0,(anonymous_14)
FNDA:0,(anonymous_15)
FNDA:0,(anonymous_16)
FNDA:0,closeUserContributedWindow
FNDA:0,openGroupDetailWindow
FNDA:0,closeGroupDetailWindow
FNDA:0,updateGroupDetailWindow
FNDA:0,openCreateNewGroupWindow
FNDA:0,closeCreateNewGroupWindow
FNDA:0,openBulkInsertWindow
FNDA:0,closeBulkInsertWindow
FNDA:0,scroll
FNDA:0,(anonymous_26)
FNDA:0,dateFormatter
FNDA:0,monthToString
FNDA:0,statusChecker
FNDA:0,statusChecker
DA:93,0
DA:94,0
DA:95,0
DA:96,0
DA:98,0
DA:99,0
DA:109,0
DA:112,0
DA:116,0
DA:131,0
DA:134,0
DA:137,0
DA:140,0
DA:142,0
DA:143,0
DA:144,0
DA:145,0
DA:149,0
DA:150,0
DA:153,0
DA:154,0
DA:156,0
DA:157,0
DA:158,0
DA:166,0
DA:167,0
DA:168,0
DA:171,0
DA:175,0
DA:176,0
DA:179,0
DA:180,0
DA:182,0
DA:183,0
DA:184,0
DA:191,0
DA:193,0
DA:194,0
DA:195,0
DA:196,0
DA:197,0
DA:200,0
DA:202,0
DA:203,0
DA:206,0
DA:207,0
DA:208,0
DA:209,0
DA:210,0
DA:212,0
DA:214,0
DA:217,0
DA:219,0
DA:220,0
DA:221,0
DA:223,0
DA:224,0
DA:225,0
DA:226,0
DA:227,0
DA:228,0
DA:234,0
DA:235,0
DA:236,0
DA:237,0
DA:238,0
DA:239,0
DA:240,0
DA:241,0
DA:242,0
DA:243,0
DA:244,0
DA:245,0
DA:246,0
DA:247,0
DA:251,0
DA:252,0
DA:255,0
DA:256,0
DA:257,0
DA:258,0
DA:264,0
DA:265,0
DA:266,0
DA:267,0
LF:85
LH:0
BRDA:112,0,0,0
BRDA:112,0,1,0
BRDA:149,1,0,0
BRDA:149,1,1,0
BRDA:175,2,0,0
BRDA:175,2,1,0
BRDA:223,3,0,0
BRDA:223,3,1,0
BRDA:225,4,0,0
BRDA:225,4,1,0
BRDA:236,5,0,0
BRDA:236,5,1,0
BRDA:236,5,2,0
BRDA:236,5,3,0
BRDA:236,5,4,0
BRDA:236,5,5,0
BRDA:236,5,6,0
BRDA:236,5,7,0
BRDA:236,5,8,0
BRDA:236,5,9,0
BRDA:236,5,10,0
BRDA:236,5,11,0
BRDA:256,6,0,0
BRDA:256,6,1,0
BRDA:256,6,2,0
BRDA:265,7,0,0
BRDA:265,7,1,0
BRDA:265,7,2,0
BRF:28
BRH:0
end_of_record
TN:
SF:D:\Blibli_Futureprogram\Fase2\Project\TCFM\Front-End\src\page\ManagePayment.vue
FN:91,rightPanelWidth
FN:94,searchPlaceHolder
FN:98,data
FN:110,mounted
FN:112,filter
FN:115,searchQuery
FN:119,created
FN:121,searchData
FN:124,(anonymous_10)
FN:133,(anonymous_11)
FN:137,(anonymous_12)
FN:145,getPendingPayment
FN:150,(anonymous_14)
FN:159,(anonymous_15)
FN:163,(anonymous_16)
FN:170,openPaymentDetailWindow
FN:174,closePaymentDetailWindow
FN:177,dateFormatter
FN:178,monthToString
FN:198,statusChecker
FN:205,scroll
FN:207,(anonymous_23)
FN:219,searchPayment
FN:225,statusChecker
FNF:24
FNH:0
FNDA:0,rightPanelWidth
FNDA:0,searchPlaceHolder
FNDA:0,data
FNDA:0,mounted
FNDA:0,filter
FNDA:0,searchQuery
FNDA:0,created
FNDA:0,searchData
FNDA:0,(anonymous_10)
FNDA:0,(anonymous_11)
FNDA:0,(anonymous_12)
FNDA:0,getPendingPayment
FNDA:0,(anonymous_14)
FNDA:0,(anonymous_15)
FNDA:0,(anonymous_16)
FNDA:0,openPaymentDetailWindow
FNDA:0,closePaymentDetailWindow
FNDA:0,dateFormatter
FNDA:0,monthToString
FNDA:0,statusChecker
FNDA:0,scroll
FNDA:0,(anonymous_23)
FNDA:0,searchPayment
FNDA:0,statusChecker
DA:78,0
DA:79,0
DA:80,0
DA:81,0
DA:82,0
DA:83,0
DA:92,0
DA:95,0
DA:99,0
DA:110,0
DA:113,0
DA:116,0
DA:119,0
DA:121,0
DA:122,0
DA:123,0
DA:124,0
DA:128,0
DA:129,0
DA:132,0
DA:133,0
DA:135,0
DA:136,0
DA:137,0
DA:145,0
DA:146,0
DA:147,0
DA:150,0
DA:154,0
DA:155,0
DA:158,0
DA:159,0
DA:161,0
DA:162,0
DA:163,0
DA:171,0
DA:172,0
DA:174,0
DA:178,0
DA:179,0
DA:180,0
DA:181,0
DA:182,0
DA:183,0
DA:184,0
DA:185,0
DA:186,0
DA:187,0
DA:188,0
DA:189,0
DA:190,0
DA:191,0
DA:195,0
DA:196,0
DA:199,0
DA:200,0
DA:201,0
DA:202,0
DA:205,0
DA:206,0
DA:207,0
DA:209,0
DA:210,0
DA:211,0
DA:212,0
DA:213,0
DA:214,0
DA:226,0
DA:227,0
DA:228,0
DA:229,0
LF:71
LH:0
BRDA:95,0,0,0
BRDA:95,0,1,0
BRDA:128,1,0,0
BRDA:128,1,1,0
BRDA:154,2,0,0
BRDA:154,2,1,0
BRDA:180,3,0,0
BRDA:180,3,1,0
BRDA:180,3,2,0
BRDA:180,3,3,0
BRDA:180,3,4,0
BRDA:180,3,5,0
BRDA:180,3,6,0
BRDA:180,3,7,0
BRDA:180,3,8,0
BRDA:180,3,9,0
BRDA:180,3,10,0
BRDA:180,3,11,0
BRDA:200,4,0,0
BRDA:200,4,1,0
BRDA:200,4,2,0
BRDA:209,5,0,0
BRDA:209,5,1,0
BRDA:211,6,0,0
BRDA:211,6,1,0
BRDA:227,7,0,0
BRDA:227,7,1,0
BRDA:227,7,2,0
BRF:28
BRH:0
end_of_record
TN:
SF:D:\Blibli_Futureprogram\Fase2\Project\TCFM\Front-End\src\page\ManageUser.vue
FN:91,data
FN:109,rightPanelWidth
FN:112,searchPlaceHolder
FN:116,created
FN:122,mounted
FN:126,filter
FN:129,searchQuery
FN:134,searchData
FN:138,(anonymous_11)
FN:153,(anonymous_12)
FN:157,(anonymous_13)
FN:164,getMembersData
FN:167,(anonymous_15)
FN:179,(anonymous_16)
FN:183,(anonymous_17)
FN:188,closeAddNewUserWindow
FN:191,filterData
FN:195,(anonymous_20)
FN:219,editUser
FN:226,createUser
FN:234,scroll
FN:236,(anonymous_24)
FNF:22
FNH:0
FNDA:0,data
FNDA:0,rightPanelWidth
FNDA:0,searchPlaceHolder
FNDA:0,created
FNDA:0,mounted
FNDA:0,filter
FNDA:0,searchQuery
FNDA:0,searchData
FNDA:0,(anonymous_11)
FNDA:0,(anonymous_12)
FNDA:0,(anonymous_13)
FNDA:0,getMembersData
FNDA:0,(anonymous_15)
FNDA:0,(anonymous_16)
FNDA:0,(anonymous_17)
FNDA:0,closeAddNewUserWindow
FNDA:0,filterData
FNDA:0,(anonymous_20)
FNDA:0,editUser
FNDA:0,createUser
FNDA:0,scroll
FNDA:0,(anonymous_24)
DA:79,0
DA:80,0
DA:81,0
DA:82,0
DA:83,0
DA:92,0
DA:110,0
DA:113,0
DA:118,0
DA:119,0
DA:123,0
DA:127,0
DA:130,0
DA:134,0
DA:135,0
DA:136,0
DA:138,0
DA:144,0
DA:145,0
DA:146,0
DA:147,0
DA:148,0
DA:149,0
DA:150,0
DA:151,0
DA:152,0
DA:153,0
DA:155,0
DA:156,0
DA:157,0
DA:164,0
DA:165,0
DA:167,0
DA:173,0
DA:175,0
DA:178,0
DA:179,0
DA:181,0
DA:182,0
DA:183,0
DA:189,0
DA:192,0
DA:193,0
DA:195,0
DA:196,0
DA:197,0
DA:198,0
DA:199,0
DA:200,0
DA:202,0
DA:209,0
DA:213,0
DA:214,0
DA:215,0
DA:216,0
DA:220,0
DA:221,0
DA:222,0
DA:223,0
DA:224,0
DA:227,0
DA:228,0
DA:229,0
DA:230,0
DA:231,0
DA:234,0
DA:235,0
DA:236,0
DA:238,0
DA:239,0
DA:240,0
DA:241,0
DA:242,0
DA:243,0
LF:74
LH:0
BRDA:113,0,0,0
BRDA:113,0,1,0
BRDA:144,1,0,0
BRDA:144,1,1,0
BRDA:147,2,0,0
BRDA:147,2,1,0
BRDA:151,3,0,0
BRDA:151,3,1,0
BRDA:173,4,0,0
BRDA:173,4,1,0
BRDA:202,5,0,0
BRDA:202,5,1,0
BRDA:202,6,0,0
BRDA:202,6,1,0
BRDA:202,6,2,0
BRDA:202,6,3,0
BRDA:202,6,4,0
BRDA:215,7,0,0
BRDA:215,7,1,0
BRDA:238,8,0,0
BRDA:238,8,1,0
BRDA:240,9,0,0
BRDA:240,9,1,0
BRF:23
BRH:0
end_of_record
TN:
SF:D:\Blibli_Futureprogram\Fase2\Project\TCFM\Front-End\src\page\Members.vue
FN:81,rightPanelWidth
FN:85,data
FN:97,created
FN:100,mounted
FN:104,filter
FN:107,searchQuery
FN:112,searchData
FN:115,(anonymous_9)
FN:127,(anonymous_10)
FN:131,(anonymous_11)
FN:139,getMembersData
FN:141,(anonymous_13)
FN:153,(anonymous_14)
FN:157,(anonymous_15)
FN:162,scroll
FN:164,(anonymous_17)
FN:177,dateFormatter
FN:178,monthToString
FNF:18
FNH:0
FNDA:0,rightPanelWidth
FNDA:0,data
FNDA:0,created
FNDA:0,mounted
FNDA:0,filter
FNDA:0,searchQuery
FNDA:0,searchData
FNDA:0,(anonymous_9)
FNDA:0,(anonymous_10)
FNDA:0,(anonymous_11)
FNDA:0,getMembersData
FNDA:0,(anonymous_13)
FNDA:0,(anonymous_14)
FNDA:0,(anonymous_15)
FNDA:0,scroll
FNDA:0,(anonymous_17)
FNDA:0,dateFormatter
FNDA:0,monthToString
DA:72,0
DA:73,0
DA:74,0
DA:75,0
DA:82,0
DA:86,0
DA:98,0
DA:101,0
DA:105,0
DA:108,0
DA:112,0
DA:113,0
DA:114,0
DA:115,0
DA:121,0
DA:122,0
DA:123,0
DA:124,0
DA:126,0
DA:127,0
DA:129,0
DA:130,0
DA:131,0
DA:139,0
DA:140,0
DA:141,0
DA:147,0
DA:149,0
DA:152,0
DA:153,0
DA:155,0
DA:156,0
DA:157,0
DA:162,0
DA:163,0
DA:164,0
DA:166,0
DA:167,0
DA:168,0
DA:169,0
DA:170,0
DA:171,0
DA:178,0
DA:179,0
DA:180,0
DA:181,0
DA:182,0
DA:183,0
DA:184,0
DA:185,0
DA:186,0
DA:187,0
DA:188,0
DA:189,0
DA:190,0
DA:191,0
DA:194,0
DA:195,0
LF:58
LH:0
BRDA:121,0,0,0
BRDA:121,0,1,0
BRDA:124,1,0,0
BRDA:124,1,1,0
BRDA:147,2,0,0
BRDA:147,2,1,0
BRDA:166,3,0,0
BRDA:166,3,1,0
BRDA:168,4,0,0
BRDA:168,4,1,0
BRDA:180,5,0,0
BRDA:180,5,1,0
BRDA:180,5,2,0
BRDA:180,5,3,0
BRDA:180,5,4,0
BRDA:180,5,5,0
BRDA:180,5,6,0
BRDA:180,5,7,0
BRDA:180,5,8,0
BRDA:180,5,9,0
BRDA:180,5,10,0
BRDA:180,5,11,0
BRF:22
BRH:0
end_of_record
TN:
SF:D:\Blibli_Futureprogram\Fase2\Project\TCFM\Front-End\src\page\Overview.vue
FN:138,data
FN:148,rightPanelWidth
FN:153,groupNotificationList
FN:158,navigateTo
FN:161,getOverviewData
FN:162,(anonymous_8)
FN:173,(anonymous_9)
FN:183,openExpenseDetailWindow
FN:187,closeExpenseDetailWindow
FN:190,streamGroupNotification
FN:195,(anonymous_13)
FN:201,(anonymous_14)
FN:206,(anonymous_15)
FN:212,created
FN:216,destroyed
FN:221,fromNow
FNF:16
FNH:0
FNDA:0,data
FNDA:0,rightPanelWidth
FNDA:0,groupNotificationList
FNDA:0,navigateTo
FNDA:0,getOverviewData
FNDA:0,(anonymous_8)
FNDA:0,(anonymous_9)
FNDA:0,openExpenseDetailWindow
FNDA:0,closeExpenseDetailWindow
FNDA:0,streamGroupNotification
FNDA:0,(anonymous_13)
FNDA:0,(anonymous_14)
FNDA:0,(anonymous_15)
FNDA:0,created
FNDA:0,destroyed
FNDA:0,fromNow
DA:131,0
DA:132,0
DA:133,0
DA:134,0
DA:135,0
DA:139,0
DA:149,0
DA:154,0
DA:159,0
DA:161,0
DA:162,0
DA:168,0
DA:169,0
DA:172,0
DA:173,0
DA:175,0
DA:176,0
DA:184,0
DA:185,0
DA:188,0
DA:190,0
DA:191,0
DA:193,0
DA:195,0
DA:196,0
DA:197,0
DA:198,0
DA:199,0
DA:201,0
DA:202,0
DA:203,0
DA:206,0
DA:208,0
DA:213,0
DA:214,0
DA:217,0
DA:222,0
LF:37
LH:0
BRDA:168,0,0,0
BRDA:168,0,1,0
BRF:2
BRH:0
end_of_record
TN:
SF:D:\Blibli_Futureprogram\Fase2\Project\TCFM\Front-End\src\page\Payment.vue
FN:86,rightPanelWidth
FNF:1
FNH:0
FNDA:0,rightPanelWidth
DA:81,0
DA:82,0
DA:87,0
LF:3
LH:0
BRF:0
BRH:0
end_of_record
TN:
SF:D:\Blibli_Futureprogram\Fase2\Project\TCFM\Front-End\src\page\PaymentHistory.vue
FN:87,rightPanelWidth
FN:88,checkYear
FN:95,data
FN:115,created
FN:124,mounted
FN:128,filter
FN:131,searchQuery
FN:137,searchData
FN:139,(anonymous_10)
FN:151,(anonymous_11)
FN:154,(anonymous_12)
FN:156,(anonymous_13)
FN:162,getThisYearTotalPeriodPayed
FN:168,openPayNowWindow
FN:169,closePayNowWindow
FN:170,getMembersData
FN:173,(anonymous_18)
FN:185,(anonymous_19)
FN:188,(anonymous_20)
FN:191,(anonymous_21)
FN:198,scroll
FN:200,(anonymous_23)
FNF:22
FNH:0
FNDA:0,rightPanelWidth
FNDA:0,checkYear
FNDA:0,data
FNDA:0,created
FNDA:0,mounted
FNDA:0,filter
FNDA:0,searchQuery
FNDA:0,searchData
FNDA:0,(anonymous_10)
FNDA:0,(anonymous_11)
FNDA:0,(anonymous_12)
FNDA:0,(anonymous_13)
FNDA:0,getThisYearTotalPeriodPayed
FNDA:0,openPayNowWindow
FNDA:0,closePayNowWindow
FNDA:0,getMembersData
FNDA:0,(anonymous_18)
FNDA:0,(anonymous_19)
FNDA:0,(anonymous_20)
FNDA:0,(anonymous_21)
FNDA:0,scroll
FNDA:0,(anonymous_23)
DA:73,0
DA:74,0
DA:75,0
DA:76,0
DA:77,0
DA:78,0
DA:87,0
DA:89,0
DA:90,0
DA:92,0
DA:96,0
DA:116,0
DA:117,0
DA:118,0
DA:119,0
DA:120,0
DA:121,0
DA:125,0
DA:129,0
DA:132,0
DA:137,0
DA:138,0
DA:139,0
DA:145,0
DA:146,0
DA:147,0
DA:148,0
DA:150,0
DA:151,0
DA:153,0
DA:154,0
DA:155,0
DA:156,0
DA:163,0
DA:164,0
DA:165,0
DA:166,0
DA:168,0
DA:169,0
DA:170,0
DA:171,0
DA:173,0
DA:179,0
DA:181,0
DA:182,0
DA:184,0
DA:185,0
DA:187,0
DA:188,0
DA:190,0
DA:191,0
DA:198,0
DA:199,0
DA:200,0
DA:202,0
DA:203,0
DA:204,0
DA:205,0
DA:206,0
LF:59
LH:0
BRDA:89,0,0,0
BRDA:89,0,1,0
BRDA:145,1,0,0
BRDA:145,1,1,0
BRDA:148,2,0,0
BRDA:148,2,1,0
BRDA:166,3,0,0
BRDA:166,3,1,0
BRDA:179,4,0,0
BRDA:179,4,1,0
BRDA:182,5,0,0
BRDA:182,5,1,0
BRDA:202,6,0,0
BRDA:202,6,1,0
BRDA:204,7,0,0
BRDA:204,7,1,0
BRF:16
BRH:0
end_of_record
TN:
SF:D:\Blibli_Futureprogram\Fase2\Project\TCFM\Front-End\src\page\Profile.vue
FN:121,data
FN:137,created
FN:146,rightPanelWidth
FN:148,ppAvailable
FN:157,changeFile
FN:166,getUserData
FN:167,(anonymous_8)
FN:180,(anonymous_9)
FN:194,updateProfile
FN:197,cancelChanges
FN:200,saveChanges
FN:205,(anonymous_13)
FN:217,(anonymous_14)
FN:234,validateInput
FNF:14
FNH:0
FNDA:0,data
FNDA:0,created
FNDA:0,rightPanelWidth
FNDA:0,ppAvailable
FNDA:0,changeFile
FNDA:0,getUserData
FNDA:0,(anonymous_8)
FNDA:0,(anonymous_9)
FNDA:0,updateProfile
FNDA:0,cancelChanges
FNDA:0,saveChanges
FNDA:0,(anonymous_13)
FNDA:0,(anonymous_14)
FNDA:0,validateInput
DA:115,0
DA:116,0
DA:117,0
DA:122,0
DA:138,0
DA:139,0
DA:140,0
DA:141,0
DA:143,0
DA:146,0
DA:149,0
DA:150,0
DA:152,0
DA:158,0
DA:159,0
DA:160,0
DA:161,0
DA:163,0
DA:166,0
DA:167,0
DA:174,0
DA:175,0
DA:176,0
DA:178,0
DA:179,0
DA:180,0
DA:182,0
DA:183,0
DA:184,0
DA:189,0
DA:195,0
DA:198,0
DA:200,0
DA:201,0
DA:202,0
DA:203,0
DA:204,0
DA:205,0
DA:213,0
DA:214,0
DA:215,0
DA:216,0
DA:217,0
DA:220,0
DA:221,0
DA:222,0
DA:223,0
DA:228,0
DA:229,0
DA:230,0
DA:235,0
DA:236,0
DA:237,0
DA:238,0
DA:239,0
DA:240,0
DA:241,0
DA:242,0
DA:243,0
DA:244,0
DA:245,0
DA:247,0
DA:248,0
LF:63
LH:0
BRDA:140,0,0,0
BRDA:140,0,1,0
BRDA:140,1,0,0
BRDA:140,1,1,0
BRDA:149,2,0,0
BRDA:149,2,1,0
BRDA:149,3,0,0
BRDA:149,3,1,0
BRDA:149,3,2,0
BRDA:158,4,0,0
BRDA:158,4,1,0
BRDA:174,5,0,0
BRDA:174,5,1,0
BRDA:179,6,0,0
BRDA:179,6,1,0
BRDA:201,7,0,0
BRDA:201,7,1,0
BRDA:213,8,0,0
BRDA:213,8,1,0
BRDA:215,9,0,0
BRDA:215,9,1,0
BRDA:235,10,0,0
BRDA:235,10,1,0
BRDA:238,11,0,0
BRDA:238,11,1,0
BRDA:241,12,0,0
BRDA:241,12,1,0
BRDA:241,13,0,0
BRDA:241,13,1,0
BRDA:241,13,2,0
BRDA:243,14,0,0
BRDA:243,14,1,0
BRDA:243,15,0,0
BRDA:243,15,1,0
BRDA:243,15,2,0
BRDA:247,16,0,0
BRDA:247,16,1,0
BRF:37
BRH:0
end_of_record
TN:
SF:D:\Blibli_Futureprogram\Fase2\Project\TCFM\Front-End\src\page\login.vue
FN:24,data
FN:33,loginHandler
FN:45,(anonymous_4)
FN:62,(anonymous_5)
FN:65,(anonymous_6)
FNF:5
FNH:2
FNDA:4,data
FNDA:2,loginHandler
FNDA:0,(anonymous_4)
FNDA:0,(anonymous_5)
FNDA:0,(anonymous_6)
DA:20,1
DA:21,1
DA:25,4
DA:33,2
DA:34,2
DA:35,1
DA:36,1
DA:37,1
DA:40,1
DA:45,1
DA:48,0
DA:49,0
DA:51,0
DA:52,0
DA:53,0
DA:54,0
DA:55,0
DA:56,0
DA:57,0
DA:58,0
DA:59,0
DA:60,0
DA:64,0
DA:66,0
LF:24
LH:10
BRDA:34,0,0,1
BRDA:34,0,1,1
BRDA:34,1,0,2
BRDA:34,1,1,1
BRF:4
BRH:4
end_of_record
TN:
SF:D:\Blibli_Futureprogram\Fase2\Project\TCFM\Front-End\src\page\tugasWeb.vue
FN:20,data
FN:30,AddUserHandler
FN:41,(anonymous_3)
FN:54,(anonymous_4)
FN:57,getNewToken
FN:63,(anonymous_6)
FN:76,(anonymous_7)
FN:82,(anonymous_8)
FNF:8
FNH:0
FNDA:0,data
FNDA:0,AddUserHandler
FNDA:0,(anonymous_3)
FNDA:0,(anonymous_4)
FNDA:0,getNewToken
FNDA:0,(anonymous_6)
FNDA:0,(anonymous_7)
FNDA:0,(anonymous_8)
DA:21,0
DA:30,0
DA:31,0
DA:38,0
DA:39,0
DA:40,0
DA:41,0
DA:47,0
DA:49,0
DA:50,0
DA:52,0
DA:55,0
DA:58,0
DA:62,0
DA:63,0
DA:69,0
DA:71,0
DA:73,0
DA:76,0
DA:77,0
DA:78,0
DA:79,0
DA:83,0
LF:23
LH:0
BRDA:49,0,0,0
BRDA:49,0,1,0
BRDA:71,1,0,0
BRDA:71,1,1,0
BRF:4
BRH:0
end_of_record
